[2023-08-31 21:04:45] merlin-logger.DEBUG: The welcome step has been displayed [] []
[2023-08-31 21:04:49] merlin-logger.DEBUG: The license activation step has been displayed [] []
[2023-08-31 21:04:50] merlin-logger.DEBUG: The plugin installation step has been displayed [] []
[2023-08-31 21:05:00] merlin-logger.DEBUG: A plugin with the following data will be processed {"plugin_slug":"aihub-core","message":"Installing"} []
[2023-08-31 21:05:03] merlin-logger.DEBUG: A plugin with the following data will be processed {"plugin_slug":"aihub-core","message":"Activating"} []
[2023-08-31 21:05:04] merlin-logger.DEBUG: A plugin with the following data was processed {"plugin_slug":"aihub-core"} []
[2023-08-31 21:05:04] merlin-logger.DEBUG: A plugin with the following data will be processed {"plugin_slug":"elementor","message":"Installing"} []
[2023-08-31 21:05:26] merlin-logger.DEBUG: A plugin with the following data will be processed {"plugin_slug":"elementor","message":"Activating"} []
[2023-08-31 21:05:27] merlin-logger.DEBUG: A plugin with the following data was processed {"plugin_slug":"elementor"} []
[2023-08-31 21:05:28] merlin-logger.DEBUG: A plugin with the following data will be processed {"plugin_slug":"metform","message":"Installing"} []
[2023-08-31 21:05:40] merlin-logger.DEBUG: A plugin with the following data will be processed {"plugin_slug":"metform","message":"Activating"} []
[2023-08-31 21:05:41] merlin-logger.DEBUG: A plugin with the following data was processed {"plugin_slug":"metform"} []
[2023-08-31 21:05:41] merlin-logger.DEBUG: A plugin with the following data will be processed {"plugin_slug":"woocommerce","message":"Installing"} []
[2023-08-31 21:05:55] merlin-logger.DEBUG: A plugin with the following data will be processed {"plugin_slug":"woocommerce","message":"Activating"} []
[2023-08-31 21:05:59] merlin-logger.DEBUG: A plugin with the following data was processed {"plugin_slug":"woocommerce"} []
[2023-08-31 21:06:04] merlin-logger.DEBUG: The content import step has been displayed [] []
[2023-08-31 21:06:28] merlin-logger.DEBUG: The Hello world post status was set to draft [] []
[2023-08-31 21:06:32] merlin-logger.DEBUG: The Hello world post status was set to draft [] []
[2023-08-31 21:06:56] merlin-logger.DEBUG: The final step has been displayed [] []
[2023-08-31 21:51:52] merlin-logger.DEBUG: The welcome step has been displayed [] []
[2023-08-31 21:54:18] merlin-logger.DEBUG: The welcome step has been displayed [] []
[2023-08-31 21:58:22] merlin-logger.DEBUG: The welcome step has been displayed [] []
[2023-08-31 21:58:36] merlin-logger.DEBUG: The welcome step has been displayed [] []
[2023-08-31 22:02:46] merlin-logger.DEBUG: The welcome step has been displayed [] []
[2023-08-31 22:04:51] merlin-logger.DEBUG: The welcome step has been displayed [] []
[2023-08-31 22:05:54] merlin-logger.DEBUG: The welcome step has been displayed [] []
[2023-08-31 22:06:45] merlin-logger.DEBUG: The welcome step has been displayed [] []
[2023-08-31 22:06:51] merlin-logger.DEBUG: The license activation step has been displayed [] []
[2023-08-31 22:06:53] merlin-logger.DEBUG: The plugin installation step has been displayed [] []
[2023-08-31 22:07:01] merlin-logger.DEBUG: The content import step has been displayed [] []
[2023-08-31 22:07:06] merlin-logger.DEBUG: The final step has been displayed [] []
[2023-08-31 22:07:17] merlin-logger.DEBUG: The content import step has been displayed [] []
[2023-08-31 22:14:44] merlin-logger.DEBUG: The welcome step has been displayed [] []
